<?xml version="1.0" encoding="UTF-8"?>
<!-- Generated by org.testng.reporters.JUnitReportReporter -->
<testsuite skipped="0" hostname="WIN-QBANF4VR7OU" name="utilities.Tor_browser_test3" tests="1" failures="0" timestamp="01 May 2019 07:27:56 GMT" time="97.047" errors="0">
  <testcase name="tor_browser_test" time="97.047" classname="utilities.Tor_browser_test3"/>
</testsuite> <!-- utilities.Tor_browser_test3 -->
