<?xml version="1.0" encoding="UTF-8"?>
<!-- Generated by org.testng.reporters.JUnitReportReporter -->
<testsuite skipped="0" hostname="WIN-QBANF4VR7OU" name="utilities.Tor_browser_test2" tests="1" failures="0" timestamp="01 May 2019 07:27:59 GMT" time="106.881" errors="0">
  <testcase name="tor_browser_test" time="106.881" classname="utilities.Tor_browser_test2"/>
</testsuite> <!-- utilities.Tor_browser_test2 -->
